<?xml version="1.0" encoding="utf-8"?><testsuites name="pytest tests"><testsuite name="pytest" errors="0" failures="0" skipped="0" tests="18" time="7.473" timestamp="2025-11-20T10:55:52.276049+00:00" hostname="github-actions.vm.mmb.pcb.ub.es"><testcase classname="biobb_pdb_tools.test.unitests.test_pdb_tools.test_pdb_chain.TestPdbChain" name="test_pdbchain" time="0.204" /><testcase classname="biobb_pdb_tools.test.unitests.test_pdb_tools.test_pdb_chainxseg.TestPdbChainxseg" name="test_chainxseg" time="0.156" /><testcase classname="biobb_pdb_tools.test.unitests.test_pdb_tools.test_pdb_delhetatm.TestPdbdelhetatm" name="test_delhetatm" time="0.150" /><testcase classname="biobb_pdb_tools.test.unitests.test_pdb_tools.test_pdb_fetch.TestPdbFetch" name="test_pdbfetch" time="1.678" /><testcase classname="biobb_pdb_tools.test.unitests.test_pdb_tools.test_pdb_fixinsert.TestFixInsert" name="test_pdb_fixinsert" time="0.932" /><testcase classname="biobb_pdb_tools.test.unitests.test_pdb_tools.test_pdb_keepcord.TestPdbKeepCoord" name="test_pdbkeepcoord" time="0.145" /><testcase classname="biobb_pdb_tools.test.unitests.test_pdb_tools.test_pdb_merge.TestPdbMerge" name="test_pdbmerge" time="0.164" /><testcase classname="biobb_pdb_tools.test.unitests.test_pdb_tools.test_pdb_mkensemble.TestPdbMkensemble" name="test_mkensemble" time="0.183" /><testcase classname="biobb_pdb_tools.test.unitests.test_pdb_tools.test_pdb_reres.TestPdbreres" name="test_pdbreres" time="0.225" /><testcase classname="biobb_pdb_tools.test.unitests.test_pdb_tools.test_pdb_seg.TestPdbseg" name="test_pdbseg" time="0.420" /><testcase classname="biobb_pdb_tools.test.unitests.test_pdb_tools.test_pdb_selaltloc.TestPdbSelAltLoc" name="test_pdbselaltloc" time="0.126" /><testcase classname="biobb_pdb_tools.test.unitests.test_pdb_tools.test_pdb_selchain.TestPdbSelChain" name="test_pdb_selchain" time="0.173" /><testcase classname="biobb_pdb_tools.test.unitests.test_pdb_tools.test_pdb_selres.TestPdbSelres" name="test_pdb_selres" time="0.107" /><testcase classname="biobb_pdb_tools.test.unitests.test_pdb_tools.test_pdb_splitmodel.TestPdbpdbsplitmodel" name="test_splitmodel" time="1.429" /><testcase classname="biobb_pdb_tools.test.unitests.test_pdb_tools.test_pdb_splitseg.TestPdbpdbsplitseg" name="test_splitseg" time="0.088" /><testcase classname="biobb_pdb_tools.test.unitests.test_pdb_tools.test_pdb_tidy.TestPdbTidy" name="test_pdbtidy" time="0.169" /><testcase classname="biobb_pdb_tools.test.unitests.test_pdb_tools.test_pdb_tofasta.TestPdbTidy" name="test_pdbtofasta" time="0.085" /><testcase classname="biobb_pdb_tools.test.unitests.test_pdb_tools.test_pdb_uniqname.TestPdbUniqname" name="test_pdbtofasta" time="0.167" /></testsuite></testsuites>